\BOOKMARK [1][-]{section.1}{\376\377\000I\000n\000t\000r\000o\000d\000u\000c\000t\000i\000o\000n}{}% 1
\BOOKMARK [1][-]{section.2}{\376\377\000R\000e\000l\000a\000t\000e\000d\000\040\000W\000o\000r\000k}{}% 2
\BOOKMARK [1][-]{section.3}{\376\377\000P\000r\000o\000s\000o\000d\000i\000c\000\040\000F\000r\000a\000m\000e\000w\000o\000r\000k\000s}{}% 3
\BOOKMARK [2][-]{subsection.3.1}{\376\377\000T\000e\000l\000u\000g\000u\000\040\000D\000v\000i\000p\000a\000d\000a}{section.3}% 4
\BOOKMARK [2][-]{subsection.3.2}{\376\377\000K\000a\000n\000n\000a\000d\000a\000\040\000U\000t\000s\000a\000h\000a\000\040\000R\000a\000g\000a\000l\000e}{section.3}% 5
\BOOKMARK [1][-]{section.4}{\376\377\000D\000a\000t\000a\000s\000e\000t\000\040\000C\000o\000n\000s\000t\000r\000u\000c\000t\000i\000o\000n}{}% 6
\BOOKMARK [2][-]{subsection.4.1}{\376\377\000S\000o\000u\000r\000c\000e\000s\000\040\000a\000n\000d\000\040\000C\000u\000r\000a\000t\000i\000o\000n}{section.4}% 7
\BOOKMARK [2][-]{subsection.4.2}{\376\377\000D\000a\000t\000a\000s\000e\000t\000\040\000C\000o\000m\000p\000o\000s\000i\000t\000i\000o\000n}{section.4}% 8
\BOOKMARK [1][-]{section.5}{\376\377\000D\000a\000t\000a\000\040\000V\000a\000l\000i\000d\000a\000t\000i\000o\000n}{}% 9
\BOOKMARK [2][-]{subsection.5.1}{\376\377\000L\000e\000v\000e\000l\000\040\0001\000:\000\040\000P\000r\000o\000s\000o\000d\000i\000c\000\040\000I\000n\000t\000e\000g\000r\000i\000t\000y}{section.5}% 10
\BOOKMARK [2][-]{subsection.5.2}{\376\377\000L\000e\000v\000e\000l\000\040\0002\000:\000\040\000L\000e\000n\000g\000t\000h\000\040\000R\000a\000t\000i\000o\000\040\000C\000h\000e\000c\000k}{section.5}% 11
\BOOKMARK [2][-]{subsection.5.3}{\376\377\000L\000e\000v\000e\000l\000\040\0003\000:\000\040\000S\000e\000m\000a\000n\000t\000i\000c\000\040\000F\000i\000d\000e\000l\000i\000t\000y}{section.5}% 12
\BOOKMARK [2][-]{subsection.5.4}{\376\377\000L\000e\000v\000e\000l\000\040\0004\000:\000\040\000L\000e\000x\000i\000c\000a\000l\000\040\000D\000i\000v\000e\000r\000s\000i\000t\000y}{section.5}% 13
\BOOKMARK [2][-]{subsection.5.5}{\376\377\000L\000e\000v\000e\000l\000\040\0005\000:\000\040\000L\000L\000M\000-\000a\000s\000-\000a\000-\000J\000u\000d\000g\000e\000\040\000E\000v\000a\000l\000u\000a\000t\000i\000o\000n}{section.5}% 14
\BOOKMARK [1][-]{section.6}{\376\377\000F\000i\000n\000e\000-\000T\000u\000n\000i\000n\000g\000\040\000D\000a\000t\000a\000s\000e\000t\000\040\000P\000r\000e\000p\000a\000r\000a\000t\000i\000o\000n}{}% 15
\BOOKMARK [2][-]{subsection.6.1}{\376\377\000T\000r\000a\000i\000n\000i\000n\000g\000\040\000S\000e\000t\000u\000p}{section.6}% 16
\BOOKMARK [1][-]{section.7}{\376\377\000C\000o\000n\000s\000t\000r\000a\000i\000n\000e\000d\000\040\000D\000e\000c\000o\000d\000i\000n\000g\000\040\000A\000r\000c\000h\000i\000t\000e\000c\000t\000u\000r\000e}{}% 17
\BOOKMARK [2][-]{subsection.7.1}{\376\377\000T\000h\000e\000o\000r\000e\000t\000i\000c\000a\000l\000\040\000B\000a\000s\000i\000s}{section.7}% 18
\BOOKMARK [2][-]{subsection.7.2}{\376\377\000S\000y\000s\000t\000e\000m\000\040\000O\000v\000e\000r\000v\000i\000e\000w}{section.7}% 19
\BOOKMARK [2][-]{subsection.7.3}{\376\377\000L\000a\000y\000e\000r\000\040\0001\000:\000\040\000O\000r\000c\000h\000e\000s\000t\000r\000a\000t\000o\000r\000\040\000F\000S\000T\000\040\000P\000i\000p\000e\000l\000i\000n\000e}{section.7}% 20
\BOOKMARK [2][-]{subsection.7.4}{\376\377\000L\000a\000y\000e\000r\000\040\0002\000:\000\040\000P\000o\000s\000i\000t\000i\000o\000n\000\040\000T\000r\000a\000c\000k\000e\000r\000\040\000a\000n\000d\000\040\000P\000a\000r\000a\000l\000l\000e\000l\000\040\000N\000F\000A\000s}{section.7}% 21
\BOOKMARK [2][-]{subsection.7.5}{\376\377\000D\000e\000a\000d\000\040\000S\000t\000a\000t\000e\000\040\000D\000e\000t\000e\000c\000t\000i\000o\000n}{section.7}% 22
\BOOKMARK [2][-]{subsection.7.6}{\376\377\000S\000t\000a\000t\000e\000\040\000B\000u\000d\000g\000e\000t\000\040\000a\000n\000d\000\040\000D\000e\000s\000i\000g\000n\000\040\000R\000a\000t\000i\000o\000n\000a\000l\000e}{section.7}% 23
\BOOKMARK [2][-]{subsection.7.7}{\376\377\000C\000o\000n\000s\000t\000r\000a\000i\000n\000e\000d\000\040\000D\000e\000c\000o\000d\000i\000n\000g\000\040\000L\000o\000o\000p}{section.7}% 24
\BOOKMARK [2][-]{subsection.7.8}{\376\377\000R\000a\000g\000a\000l\000e\000\040\000A\000d\000a\000p\000t\000a\000t\000i\000o\000n}{section.7}% 25
\BOOKMARK [1][-]{section.8}{\376\377\000E\000n\000d\000-\000t\000o\000-\000E\000n\000d\000\040\000E\000v\000a\000l\000u\000a\000t\000i\000o\000n}{}% 26
\BOOKMARK [1][-]{section.9}{\376\377\000R\000e\000s\000u\000l\000t\000s}{}% 27
\BOOKMARK [1][-]{section.10}{\376\377\000C\000o\000n\000c\000l\000u\000s\000i\000o\000n}{}% 28
\BOOKMARK [1][-]{appendix.A}{\376\377\000C\000o\000m\000p\000l\000e\000t\000e\000\040\000D\000v\000i\000p\000a\000d\000a\000\040\000P\000r\000o\000s\000o\000d\000i\000c\000\040\000R\000u\000l\000e\000s}{}% 29
\BOOKMARK [2][-]{subsection.A.1}{\376\377\000G\000u\000r\000u\000-\000L\000a\000g\000h\000u\000\040\000C\000l\000a\000s\000s\000i\000f\000i\000c\000a\000t\000i\000o\000n\000\040\000R\000u\000l\000e\000s}{appendix.A}% 30
\BOOKMARK [2][-]{subsection.A.2}{\376\377\000P\000r\001\001\000s\000a\000\040\000E\000q\000u\000i\000v\000a\000l\000e\000n\000c\000e\000\040\000G\000r\000o\000u\000p\000s}{appendix.A}% 31
\BOOKMARK [2][-]{subsection.A.3}{\376\377\000Y\000a\000t\000i\000\040\000M\000a\000i\000t\000r\000i\000\040\000G\000r\000o\000u\000p\000s}{appendix.A}% 32
\BOOKMARK [1][-]{appendix.B}{\376\377\000F\000S\000T\000\040\000P\000i\000p\000e\000l\000i\000n\000e\000\040\000D\000e\000t\000a\000i\000l\000s}{}% 33
\BOOKMARK [2][-]{subsection.B.1}{\376\377\000C\000o\000d\000e\000p\000o\000i\000n\000t\000\040\000C\000l\000a\000s\000s\000i\000f\000i\000e\000r\000\040\000O\000u\000t\000p\000u\000t\000\040\000C\000a\000t\000e\000g\000o\000r\000i\000e\000s}{appendix.B}% 34
\BOOKMARK [2][-]{subsection.B.2}{\376\377\000G\000u\000r\000u\000/\000L\000a\000g\000h\000u\000\040\000C\000l\000a\000s\000s\000i\000f\000i\000e\000r\000\040\000F\000S\000T\000\040\000T\000r\000a\000n\000s\000i\000t\000i\000o\000n\000\040\000T\000a\000b\000l\000e}{appendix.B}% 35
\BOOKMARK [2][-]{subsection.B.3}{\376\377\000S\000t\000a\000t\000e\000\040\000B\000u\000d\000g\000e\000t\000\040\000T\000a\000b\000l\000e}{appendix.B}% 36
\BOOKMARK [2][-]{subsection.B.4}{\376\377\000S\000y\000m\000b\000o\000l\000i\000c\000\040\000E\000n\000f\000o\000r\000c\000e\000r\000\040\000P\000i\000p\000e\000l\000i\000n\000e\000\040\000D\000i\000a\000g\000r\000a\000m}{appendix.B}% 37
\BOOKMARK [1][-]{appendix.C}{\376\377\000D\000e\000t\000a\000i\000l\000e\000d\000\040\000V\000a\000l\000i\000d\000a\000t\000i\000o\000n\000\040\000R\000e\000s\000u\000l\000t\000s}{}% 38
\BOOKMARK [2][-]{subsection.C.1}{\376\377\000L\000e\000n\000g\000t\000h\000\040\000R\000a\000t\000i\000o\000\040\000D\000i\000s\000t\000r\000i\000b\000u\000t\000i\000o\000n}{appendix.C}% 39
\BOOKMARK [2][-]{subsection.C.2}{\376\377\000E\000x\000t\000e\000n\000d\000e\000d\000\040\000E\000m\000b\000e\000d\000d\000i\000n\000g\000\040\000M\000o\000d\000e\000l\000\040\000R\000e\000s\000u\000l\000t\000s}{appendix.C}% 40
\BOOKMARK [2][-]{subsection.C.3}{\376\377\000L\000a\000B\000S\000E\000\040\000S\000i\000m\000i\000l\000a\000r\000i\000t\000y\000\040\000D\000i\000s\000t\000r\000i\000b\000u\000t\000i\000o\000n}{appendix.C}% 41
\BOOKMARK [2][-]{subsection.C.4}{\376\377\000L\000e\000x\000i\000c\000a\000l\000\040\000D\000i\000v\000e\000r\000s\000i\000t\000y\000\040\000M\000e\000t\000r\000i\000c\000s\000\040\000\050\000F\000u\000l\000l\000\051}{appendix.C}% 42
\BOOKMARK [2][-]{subsection.C.5}{\376\377\000L\000L\000M\000-\000a\000s\000-\000a\000-\000J\000u\000d\000g\000e\000\040\000P\000e\000r\000-\000D\000i\000m\000e\000n\000s\000i\000o\000n\000\040\000B\000r\000e\000a\000k\000d\000o\000w\000n}{appendix.C}% 43
\BOOKMARK [2][-]{subsection.C.6}{\376\377\000L\000L\000M\000-\000a\000s\000-\000a\000-\000J\000u\000d\000g\000e\000\040\000A\000g\000g\000r\000e\000g\000a\000t\000e\000\040\000S\000c\000o\000r\000e\000\040\000D\000i\000s\000t\000r\000i\000b\000u\000t\000i\000o\000n}{appendix.C}% 44
\BOOKMARK [1][-]{appendix.D}{\376\377\000D\000e\000t\000a\000i\000l\000e\000d\000\040\000E\000n\000d\000-\000t\000o\000-\000E\000n\000d\000\040\000B\000e\000n\000c\000h\000m\000a\000r\000k\000\040\000R\000e\000s\000u\000l\000t\000s}{}% 45
\BOOKMARK [2][-]{subsection.D.1}{\376\377\000P\000e\000r\000-\000t\000o\000p\000i\000c\000\040\000D\000v\000i\000p\000a\000d\000a\000\040\000a\000c\000c\000u\000r\000a\000c\000y}{appendix.D}% 46
\BOOKMARK [2][-]{subsection.D.2}{\376\377\000P\000e\000r\000-\000t\000o\000p\000i\000c\000\040\000R\000a\000g\000a\000l\000e\000\040\000a\000c\000c\000u\000r\000a\000c\000y}{appendix.D}% 47
\BOOKMARK [2][-]{subsection.D.3}{\376\377\000P\000e\000r\000-\000p\000o\000e\000m\000\040\000e\000f\000f\000i\000c\000i\000e\000n\000c\000y\000\040\000s\000t\000a\000t\000i\000s\000t\000i\000c\000s}{appendix.D}% 48
\BOOKMARK [2][-]{subsection.D.4}{\376\377\000M\000e\000t\000h\000o\000d\000o\000l\000o\000g\000y\000\040\000n\000o\000t\000e\000s}{appendix.D}% 49
\BOOKMARK [1][-]{appendix.E}{\376\377\000K\000a\000n\000n\000a\000d\000a\000\040\000S\000c\000r\000i\000p\000t\000\040\000C\000o\000n\000v\000e\000r\000s\000i\000o\000n\000\040\000D\000e\000t\000a\000i\000l\000s}{}% 50
\BOOKMARK [2][-]{subsection.E.1}{\376\377\000C\000h\000a\000r\000a\000c\000t\000e\000r\000\040\000C\000o\000v\000e\000r\000a\000g\000e}{appendix.E}% 51
\BOOKMARK [2][-]{subsection.E.2}{\376\377\000O\000u\000t\000p\000u\000t\000\040\000S\000c\000h\000e\000m\000a}{appendix.E}% 52
\BOOKMARK [2][-]{subsection.E.3}{\376\377\000L\000i\000m\000i\000t\000a\000t\000i\000o\000n\000s}{appendix.E}% 53
\BOOKMARK [1][-]{appendix.F}{\376\377\000C\000o\000n\000s\000t\000r\000a\000i\000n\000e\000d\000\040\000D\000e\000c\000o\000d\000i\000n\000g\000\040\000A\000l\000g\000o\000r\000i\000t\000h\000m\000s}{}% 54
\BOOKMARK [1][-]{appendix.G}{\376\377\000R\000a\000g\000a\000l\000e\000\040\000C\000o\000n\000s\000t\000r\000a\000i\000n\000e\000d\000\040\000D\000e\000c\000o\000d\000i\000n\000g\000:\000\040\000C\000o\000n\000s\000t\000r\000u\000c\000t\000i\000o\000n\000\040\000D\000e\000t\000a\000i\000l\000s}{}% 55
\BOOKMARK [2][-]{subsection.G.1}{\376\377\000S\000t\000r\000u\000c\000t\000u\000r\000a\000l\000\040\000D\000i\000f\000f\000e\000r\000e\000n\000c\000e\000s\000\040\000f\000r\000o\000m\000\040\000D\000v\000i\000p\000a\000d\000a}{appendix.G}% 56
\BOOKMARK [2][-]{subsection.G.2}{\376\377\000G\000a\036\107\000a\000\040\000N\000F\000A\000\040\000f\000o\000r\000\040\000R\000a\000g\000a\000l\000e}{appendix.G}% 57
\BOOKMARK [2][-]{subsection.G.3}{\376\377\000P\000r\001\001\000s\000a\000\040\000a\000n\000d\000\040\000G\000u\000r\000u\000\040\000E\000n\000d\000i\000n\000g}{appendix.G}% 58
\BOOKMARK [2][-]{subsection.G.4}{\376\377\000S\000t\000a\000t\000e\000\040\000B\000u\000d\000g\000e\000t}{appendix.G}% 59
\BOOKMARK [2][-]{subsection.G.5}{\376\377\000D\000e\000c\000o\000d\000i\000n\000g\000\040\000S\000t\000r\000a\000t\000e\000g\000i\000e\000s}{appendix.G}% 60
\BOOKMARK [1][-]{appendix.H}{\376\377\000G\000e\000n\000e\000r\000a\000t\000i\000o\000n\000\040\000E\000x\000a\000m\000p\000l\000e\000s}{}% 61
\BOOKMARK [2][-]{subsection.H.1}{\376\377\000D\000v\000i\000p\000a\000d\000a\000\040\000\050\000T\000e\000l\000u\000g\000u\000\051}{appendix.H}% 62
\BOOKMARK [2][-]{subsection.H.2}{\376\377\000R\000a\000g\000a\000l\000e\000\040\000\050\000K\000a\000n\000n\000a\000d\000a\000\051}{appendix.H}% 63
\BOOKMARK [2][-]{subsection.H.3}{\376\377\000A\000d\000a\000p\000t\000e\000d\000\040\000C\000h\000a\000n\000d\000o\000m\000i\000t\000r\000a\000\040\000B\000a\000s\000e\000l\000i\000n\000e}{appendix.H}% 64
